0 info it worked if it ends with ok
1 verbose cli [ '/usr/local/bin/node', '/usr/local/bin/npm', 'start' ]
2 info using npm@3.6.0
3 info using node@v5.7.0
4 verbose run-script [ 'prestart', 'start', 'poststart' ]
5 info lifecycle party_queue@0.0.0~prestart: party_queue@0.0.0
6 silly lifecycle party_queue@0.0.0~prestart: no script for prestart, continuing
7 info lifecycle party_queue@0.0.0~start: party_queue@0.0.0
8 verbose lifecycle party_queue@0.0.0~start: unsafe-perm in lifecycle true
9 verbose lifecycle party_queue@0.0.0~start: PATH: /usr/local/lib/node_modules/npm/bin/node-gyp-bin:/Users/antonlin/Documents/Node_playground/party_queue/node_modules/.bin:/Users/antonlin/Documents/Node_playground/Coursera_Node/node-express/node-express-gen/mongodb/bin:/usr/local/bin:/usr/local/bin:/usr/local/bin:/usr/bin:/bin:/usr/sbin:/sbin:/usr/texbin:/usr/texbin:/usr/texbin
10 verbose lifecycle party_queue@0.0.0~start: CWD: /Users/antonlin/Documents/Node_playground/party_queue
11 silly lifecycle party_queue@0.0.0~start: Args: [ '-c', 'node ./bin/www' ]
12 silly lifecycle party_queue@0.0.0~start: Returned: code: 1  signal: null
13 info lifecycle party_queue@0.0.0~start: Failed to exec start script
14 verbose stack Error: party_queue@0.0.0 start: `node ./bin/www`
14 verbose stack Exit status 1
14 verbose stack     at EventEmitter.<anonymous> (/usr/local/lib/node_modules/npm/lib/utils/lifecycle.js:232:16)
14 verbose stack     at emitTwo (events.js:100:13)
14 verbose stack     at EventEmitter.emit (events.js:185:7)
14 verbose stack     at ChildProcess.<anonymous> (/usr/local/lib/node_modules/npm/lib/utils/spawn.js:24:14)
14 verbose stack     at emitTwo (events.js:100:13)
14 verbose stack     at ChildProcess.emit (events.js:185:7)
14 verbose stack     at maybeClose (internal/child_process.js:827:16)
14 verbose stack     at Process.ChildProcess._handle.onexit (internal/child_process.js:211:5)
15 verbose pkgid party_queue@0.0.0
16 verbose cwd /Users/antonlin/Documents/Node_playground/party_queue
17 error Darwin 14.5.0
18 error argv "/usr/local/bin/node" "/usr/local/bin/npm" "start"
19 error node v5.7.0
20 error npm  v3.6.0
21 error code ELIFECYCLE
22 error party_queue@0.0.0 start: `node ./bin/www`
22 error Exit status 1
23 error Failed at the party_queue@0.0.0 start script 'node ./bin/www'.
23 error Make sure you have the latest version of node.js and npm installed.
23 error If you do, this is most likely a problem with the party_queue package,
23 error not with npm itself.
23 error Tell the author that this fails on your system:
23 error     node ./bin/www
23 error You can get information on how to open an issue for this project with:
23 error     npm bugs party_queue
23 error Or if that isn't available, you can get their info via:
23 error     npm owner ls party_queue
23 error There is likely additional logging output above.
24 verbose exit [ 1, true ]
